<?xml version="1.0" encoding="UTF-8"?>
<!-- Generated by org.testng.reporters.JUnitReportReporter -->
<testsuite skipped="0" hostname="E5-RDS01-2016" name="Database.MySQL1" tests="1" failures="0" timestamp="2023-07-12T09:39:25 GMT" time="6.301" errors="0">
  <testcase name="windowCreation1" time="6.301" classname="Database.MySQL1"/>
  <system-out/>
</testsuite> <!-- Database.MySQL1 -->
