<?xml version="1.0" encoding="UTF-8"?>
<!-- Generated by org.testng.reporters.JUnitReportReporter -->
<testsuite hostname="E5-RDS01-2016" failures="0" tests="1" name="Database.DB_Pointing_SIT_BRM" time="0.927" errors="0" timestamp="2023-03-13T07:11:38 GMT" skipped="0">
  <testcase classname="Database.DB_Pointing_SIT_BRM" name="windowCreation" time="0.927"/>
  <system-out/>
</testsuite> <!-- Database.DB_Pointing_SIT_BRM -->
