<?xml version="1.0" encoding="UTF-8"?>
<!-- Generated by org.testng.reporters.JUnitReportReporter -->
<testsuite hostname="E5-RDS01-2016" failures="0" tests="1" name="Automation.Test1" time="0.010" errors="0" timestamp="2023-03-16T10:17:17 GMT" skipped="0">
  <testcase classname="Automation.Test1" name="demo" time="0.010"/>
  <system-out/>
</testsuite> <!-- Automation.Test1 -->
