<?xml version="1.0" encoding="UTF-8"?>
<!-- Generated by org.testng.reporters.JUnitReportReporter -->
<testsuite skipped="0" hostname="E5-RDS01-2016" name="Automation.Dashboard_page" tests="2" failures="0" timestamp="2023-07-11T08:43:35 GMT" time="7.509" errors="0">
  <testcase name="Dshbrdcreation" time="0.685" classname="Automation.Dashboard_page"/>
  <system-out/>
  <testcase name="windowCreation1" time="6.824" classname="Automation.Dashboard_page"/>
  <system-out/>
</testsuite> <!-- Automation.Dashboard_page -->
