<?xml version="1.0" encoding="UTF-8"?>
<!-- Generated by org.testng.reporters.JUnitReportReporter -->
<testsuite hostname="E5-RDS01-2016" failures="0" tests="1" name="Database.DB_Pointing_SIT_BRM" time="1.714" errors="0" timestamp="2023-06-09T06:02:27 GMT" skipped="0">
  <testcase classname="Database.DB_Pointing_SIT_BRM" name="pointing_brm" time="1.714"/>
  <system-out/>
</testsuite> <!-- Database.DB_Pointing_SIT_BRM -->
