<?xml version="1.0" encoding="UTF-8"?>
<!-- Generated by org.testng.reporters.JUnitReportReporter -->
<testsuite hostname="E5-RDS01-2016" failures="0" tests="1" name="Automation.SQL1" time="9.068" errors="0" timestamp="2023-06-08T07:58:14 GMT" skipped="0">
  <testcase classname="Automation.SQL1" name="DBconnectivity" time="9.068"/>
  <system-out/>
</testsuite> <!-- Automation.SQL1 -->
