<?xml version="1.0" encoding="UTF-8"?>
<!-- Generated by org.testng.reporters.JUnitReportReporter -->
<testsuite hostname="E5-RDS01-2016" failures="0" tests="1" name="Database.SIT_WCC_Pointing" time="0.802" errors="0" timestamp="2023-03-03T05:40:22 GMT" skipped="0">
  <testcase classname="Database.SIT_WCC_Pointing" name="windowCreation" time="0.802"/>
  <system-out/>
</testsuite> <!-- Database.SIT_WCC_Pointing -->
